[0.010s] Invoking command in '/home/slambot/ros2_ws/build/ldlidar': CMAKE_PREFIX_PATH=${CMAKE_PREFIX_PATH}:/opt/ros/jazzy /usr/bin/cmake --build /home/slambot/ros2_ws/build/ldlidar -- -j14 -l14
[0.037s] -- Found ament_cmake: 2.5.4 (/opt/ros/jazzy/share/ament_cmake/cmake)
[0.150s] -- Found rclcpp: 28.1.12 (/opt/ros/jazzy/share/rclcpp/cmake)
[0.165s] -- Found rosidl_generator_c: 4.6.6 (/opt/ros/jazzy/share/rosidl_generator_c/cmake)
[0.170s] -- Found rosidl_generator_cpp: 4.6.6 (/opt/ros/jazzy/share/rosidl_generator_cpp/cmake)
[0.176s] -- Using all available rosidl_typesupport_c: rosidl_typesupport_fastrtps_c;rosidl_typesupport_introspection_c
[0.184s] -- Using all available rosidl_typesupport_cpp: rosidl_typesupport_fastrtps_cpp;rosidl_typesupport_introspection_cpp
[0.212s] -- Found rmw_implementation_cmake: 7.3.2 (/opt/ros/jazzy/share/rmw_implementation_cmake/cmake)
[0.213s] -- Found rmw_fastrtps_cpp: 8.4.3 (/opt/ros/jazzy/share/rmw_fastrtps_cpp/cmake)
[0.245s] -- Using RMW implementation 'rmw_fastrtps_cpp' as default
[0.270s] -- Found sensor_msgs: 5.3.6 (/opt/ros/jazzy/share/sensor_msgs/cmake)
[0.292s] -- Found ament_lint_auto: 0.17.3 (/opt/ros/jazzy/share/ament_lint_auto/cmake)
[0.348s] -- Added test 'copyright' to check source files copyright and LICENSE
[0.354s] -- Added test 'cppcheck' to perform static code analysis on C / C++ code
[0.354s] -- Configured cppcheck include dirs: /home/slambot/ros2_ws/src/ldlidar/include;/home/slambot/ros2_ws/src/ldlidar/../ldlidar_driver/include/core;/home/slambot/ros2_ws/src/ldlidar/../ldlidar_driver/include/dataprocess;/home/slambot/ros2_ws/src/ldlidar/../ldlidar_driver/include/filter;/home/slambot/ros2_ws/src/ldlidar/../ldlidar_driver/include/logger;/home/slambot/ros2_ws/src/ldlidar/../ldlidar_driver/include/networkcom;/home/slambot/ros2_ws/src/ldlidar/../ldlidar_driver/include/serialcom
[0.355s] -- Configured cppcheck exclude dirs and/or files: 
[0.359s] -- Added test 'cpplint' to check C / C++ code against the Google style
[0.359s] -- Configured cpplint exclude dirs and/or files: 
[0.360s] -- Added test 'flake8' to check Python code syntax and style conventions
[0.361s] -- Configured 'flake8' exclude dirs and/or files: 
[0.362s] -- Added test 'lint_cmake' to check CMake code style
[0.363s] -- Added test 'pep257' to check Python code against some of the docstring style conventions in PEP 257
[0.369s] -- Added test 'uncrustify' to check C / C++ code style
[0.369s] -- Configured uncrustify additional arguments: 
[0.370s] -- Added test 'xmllint' to check XML markup files
[0.373s] -- Configuring done (0.3s)
[0.401s] -- Generating done (0.0s)
[0.415s] -- Build files have been written to: /home/slambot/ros2_ws/build/ldlidar
[0.448s] [ 12%] [32mBuilding CXX object CMakeFiles/ldlidar.dir/src/ros2_node/main.cpp.o[0m
[0.453s] [ 50%] [32mBuilding CXX object CMakeFiles/ldlidar.dir/home/slambot/ros2_ws/src/ldlidar_driver/src/core/ldlidar_driver.cpp.o[0m
[0.454s] [ 50%] [32mBuilding CXX object CMakeFiles/ldlidar.dir/home/slambot/ros2_ws/src/ldlidar_driver/src/filter/tofbf.cpp.o[0m
[0.454s] [ 62%] [32mBuilding CXX object CMakeFiles/ldlidar.dir/home/slambot/ros2_ws/src/ldlidar_driver/src/dataprocess/lipkg.cpp.o[0m
[0.455s] [ 62%] [32mBuilding CXX object CMakeFiles/ldlidar.dir/home/slambot/ros2_ws/src/ldlidar_driver/src/networkcom/network_socket_interface_linux.cpp.o[0m
[0.455s] [ 87%] [32mBuilding CXX object CMakeFiles/ldlidar.dir/home/slambot/ros2_ws/src/ldlidar_driver/src/logger/log_module.cpp.o[0m
[0.455s] [ 87%] [32mBuilding CXX object CMakeFiles/ldlidar.dir/home/slambot/ros2_ws/src/ldlidar_driver/src/serialcom/serial_interface_linux.cpp.o[0m
[0.707s] [01m[K/home/slambot/ros2_ws/src/ldlidar_driver/src/logger/log_module.cpp:[m[K In member function â€˜[01m[Kvoid LogModule::[01;32m[KInitLock[m[K()[m[Kâ€™:
[0.707s] [01m[K/home/slambot/ros2_ws/src/ldlidar_driver/src/logger/log_module.cpp:172:3:[m[K [01;31m[Kerror: [m[Kâ€˜[01m[Kpthread_mutex_init[m[Kâ€™ was not declared in this scope; did you mean â€˜[01m[Kpthread_mutex_t[m[Kâ€™?
[0.708s]   172 |   [01;31m[Kpthread_mutex_init[m[K(&mutex_lock_,NULL);
[0.708s]       |   [01;31m[K^~~~~~~~~~~~~~~~~~[m[K
[0.708s]       |   [32m[Kpthread_mutex_t[m[K
[0.709s] [01m[K/home/slambot/ros2_ws/src/ldlidar_driver/src/logger/log_module.cpp:[m[K In member function â€˜[01m[Kvoid LogModule::[01;32m[KRealseLock[m[K()[m[Kâ€™:
[0.709s] [01m[K/home/slambot/ros2_ws/src/ldlidar_driver/src/logger/log_module.cpp:180:9:[m[K [01;31m[Kerror: [m[Kâ€˜[01m[Kpthread_mutex_unlock[m[Kâ€™ was not declared in this scope; did you mean â€˜[01m[Kpthread_mutex_t[m[Kâ€™?
[0.710s]   180 |         [01;31m[Kpthread_mutex_unlock[m[K(&mutex_lock_);
[0.710s]       |         [01;31m[K^~~~~~~~~~~~~~~~~~~~[m[K
[0.711s]       |         [32m[Kpthread_mutex_t[m[K
[0.711s] [01m[K/home/slambot/ros2_ws/src/ldlidar_driver/src/logger/log_module.cpp:[m[K In member function â€˜[01m[Kvoid LogModule::[01;32m[KLock[m[K()[m[Kâ€™:
[0.712s] [01m[K/home/slambot/ros2_ws/src/ldlidar_driver/src/logger/log_module.cpp:188:9:[m[K [01;31m[Kerror: [m[Kâ€˜[01m[Kpthread_mutex_lock[m[Kâ€™ was not declared in this scope; did you mean â€˜[01m[Kpthread_mutex_t[m[Kâ€™?
[0.712s]   188 |         [01;31m[Kpthread_mutex_lock[m[K(&mutex_lock_);
[0.713s]       |         [01;31m[K^~~~~~~~~~~~~~~~~~[m[K
[0.713s]       |         [32m[Kpthread_mutex_t[m[K
[0.714s] [01m[K/home/slambot/ros2_ws/src/ldlidar_driver/src/logger/log_module.cpp:[m[K In member function â€˜[01m[Kvoid LogModule::[01;32m[KUnLock[m[K()[m[Kâ€™:
[0.715s] [01m[K/home/slambot/ros2_ws/src/ldlidar_driver/src/logger/log_module.cpp:196:9:[m[K [01;31m[Kerror: [m[Kâ€˜[01m[Kpthread_mutex_unlock[m[Kâ€™ was not declared in this scope; did you mean â€˜[01m[Kpthread_mutex_t[m[Kâ€™?
[0.715s]   196 |         [01;31m[Kpthread_mutex_unlock[m[K(&mutex_lock_);
[0.716s]       |         [01;31m[K^~~~~~~~~~~~~~~~~~~~[m[K
[0.716s]       |         [32m[Kpthread_mutex_t[m[K
[0.733s] gmake[2]: *** [CMakeFiles/ldlidar.dir/build.make:132: CMakeFiles/ldlidar.dir/home/slambot/ros2_ws/src/ldlidar_driver/src/logger/log_module.cpp.o] Error 1
[0.733s] gmake[2]: *** Waiting for unfinished jobs....
[1.014s] [01m[K/home/slambot/ros2_ws/src/ldlidar/src/ros2_node/main.cpp:23:10:[m[K [01;31m[Kfatal error: [m[Klidar_driver/ldlidar_driver.h: No such file or directory
[1.014s]    23 | #include [01;31m[K"lidar_driver/ldlidar_driver.h"[m[K
[1.014s]       |          [01;31m[K^~~~~~~~~~~~~~~~~~~~~~~~~~~~~~~[m[K
[1.015s] compilation terminated.
[1.015s] gmake[2]: *** [CMakeFiles/ldlidar.dir/build.make:76: CMakeFiles/ldlidar.dir/src/ros2_node/main.cpp.o] Error 1
[1.138s] gmake[1]: *** [CMakeFiles/Makefile2:137: CMakeFiles/ldlidar.dir/all] Error 2
[1.138s] gmake: *** [Makefile:146: all] Error 2
[1.140s] Invoked command in '/home/slambot/ros2_ws/build/ldlidar' returned '2': CMAKE_PREFIX_PATH=${CMAKE_PREFIX_PATH}:/opt/ros/jazzy /usr/bin/cmake --build /home/slambot/ros2_ws/build/ldlidar -- -j14 -l14
