[ 50%] [32mBuilding CXX object CMakeFiles/ldlidar.dir/src/ros2_node/main.cpp.o[0m
[01m[K/home/slambot/ros2_ws/src/ldlidar/src/ros2_node/main.cpp:23:10:[m[K [01;31m[Kfatal error: [m[Klidar_driver/ldlidar_driver.h: No such file or directory
   23 | #include [01;31m[K"lidar_driver/ldlidar_driver.h"[m[K
      |          [01;31m[K^~~~~~~~~~~~~~~~~~~~~~~~~~~~~~~[m[K
compilation terminated.
gmake[2]: *** [CMakeFiles/ldlidar.dir/build.make:76: CMakeFiles/ldlidar.dir/src/ros2_node/main.cpp.o] Error 1
gmake[1]: *** [CMakeFiles/Makefile2:137: CMakeFiles/ldlidar.dir/all] Error 2
gmake: *** [Makefile:146: all] Error 2
