[0.005s] Invoking command in '/home/slambot/ros2_ws/build/test_node': CMAKE_PREFIX_PATH=${CMAKE_PREFIX_PATH}:/opt/ros/jazzy /usr/bin/cmake --build /home/slambot/ros2_ws/build/test_node -- -j14 -l14
[0.025s] -- Found ament_cmake: 2.5.4 (/opt/ros/jazzy/share/ament_cmake/cmake)
[0.131s] -- Found rclcpp: 28.1.12 (/opt/ros/jazzy/share/rclcpp/cmake)
[0.147s] -- Found rosidl_generator_c: 4.6.6 (/opt/ros/jazzy/share/rosidl_generator_c/cmake)
[0.152s] -- Found rosidl_generator_cpp: 4.6.6 (/opt/ros/jazzy/share/rosidl_generator_cpp/cmake)
[0.159s] -- Using all available rosidl_typesupport_c: rosidl_typesupport_fastrtps_c;rosidl_typesupport_introspection_c
[0.166s] -- Using all available rosidl_typesupport_cpp: rosidl_typesupport_fastrtps_cpp;rosidl_typesupport_introspection_cpp
[0.192s] -- Found rmw_implementation_cmake: 7.3.2 (/opt/ros/jazzy/share/rmw_implementation_cmake/cmake)
[0.194s] -- Found rmw_fastrtps_cpp: 8.4.3 (/opt/ros/jazzy/share/rmw_fastrtps_cpp/cmake)
[0.223s] -- Using RMW implementation 'rmw_fastrtps_cpp' as default
[0.247s] -- Found rclcpp_components: 28.1.12 (/opt/ros/jazzy/share/rclcpp_components/cmake)
[0.259s] -- Found ament_lint_auto: 0.17.3 (/opt/ros/jazzy/share/ament_lint_auto/cmake)
[0.320s] -- Added test 'cppcheck' to perform static code analysis on C / C++ code
[0.320s] -- Configured cppcheck include dirs: 
[0.320s] -- Configured cppcheck exclude dirs and/or files: 
[0.321s] -- Added test 'lint_cmake' to check CMake code style
[0.326s] -- Added test 'uncrustify' to check C / C++ code style
[0.326s] -- Configured uncrustify additional arguments: 
[0.326s] -- Added test 'xmllint' to check XML markup files
[0.328s] -- Configuring done (0.3s)
[0.360s] -- Generating done (0.0s)
[0.374s] -- Build files have been written to: /home/slambot/ros2_ws/build/test_node
[0.396s] [ 50%] [32mBuilding CXX object CMakeFiles/test_node_exec.dir/rclcpp_components/node_main_test_node_exec.cpp.o[0m
[0.396s] [ 50%] [32mBuilding CXX object CMakeFiles/test_node.dir/src/test_node.cpp.o[0m
[0.403s] [01m[K/home/slambot/ros2_ws/src/test_node/src/test_node.cpp:1:10:[m[K [01;31m[Kfatal error: [m[Krclcpp/rclcpp.hpp: No such file or directory
[0.404s]     1 | #include [01;31m[K<rclcpp/rclcpp.hpp>[m[K
[0.406s]       |          [01;31m[K^~~~~~~~~~~~~~~~~~~[m[K
[0.406s] compilation terminated.
[0.406s] gmake[2]: *** [CMakeFiles/test_node.dir/build.make:76: CMakeFiles/test_node.dir/src/test_node.cpp.o] Error 1
[0.406s] gmake[1]: *** [CMakeFiles/Makefile2:139: CMakeFiles/test_node.dir/all] Error 2
[0.406s] gmake[1]: *** Waiting for unfinished jobs....
[1.764s] [ 75%] [32m[1mLinking CXX executable test_node_exec[0m
[1.829s] [ 75%] Built target test_node_exec
[1.830s] gmake: *** [Makefile:146: all] Error 2
[1.831s] Invoked command in '/home/slambot/ros2_ws/build/test_node' returned '2': CMAKE_PREFIX_PATH=${CMAKE_PREFIX_PATH}:/opt/ros/jazzy /usr/bin/cmake --build /home/slambot/ros2_ws/build/test_node -- -j14 -l14
