[0.009s] Invoking command in '/home/slambot/ros2_ws/src/build/test_node': CMAKE_PREFIX_PATH=${CMAKE_PREFIX_PATH}:/opt/ros/jazzy /usr/bin/cmake /home/slambot/ros2_ws/src/test_node -DCMAKE_INSTALL_PREFIX=/home/slambot/ros2_ws/src/install/test_node
[0.024s] -- Found ament_cmake: 2.5.4 (/opt/ros/jazzy/share/ament_cmake/cmake)
[0.127s] -- Found rclcpp: 28.1.12 (/opt/ros/jazzy/share/rclcpp/cmake)
[0.140s] -- Found rosidl_generator_c: 4.6.6 (/opt/ros/jazzy/share/rosidl_generator_c/cmake)
[0.145s] -- Found rosidl_generator_cpp: 4.6.6 (/opt/ros/jazzy/share/rosidl_generator_cpp/cmake)
[0.151s] -- Using all available rosidl_typesupport_c: rosidl_typesupport_fastrtps_c;rosidl_typesupport_introspection_c
[0.158s] -- Using all available rosidl_typesupport_cpp: rosidl_typesupport_fastrtps_cpp;rosidl_typesupport_introspection_cpp
[0.187s] -- Found rmw_implementation_cmake: 7.3.2 (/opt/ros/jazzy/share/rmw_implementation_cmake/cmake)
[0.188s] -- Found rmw_fastrtps_cpp: 8.4.3 (/opt/ros/jazzy/share/rmw_fastrtps_cpp/cmake)
[0.217s] -- Using RMW implementation 'rmw_fastrtps_cpp' as default
[0.242s] -- Found rclcpp_components: 28.1.12 (/opt/ros/jazzy/share/rclcpp_components/cmake)
[0.256s] -- Found ament_lint_auto: 0.17.3 (/opt/ros/jazzy/share/ament_lint_auto/cmake)
[0.307s] -- Added test 'cppcheck' to perform static code analysis on C / C++ code
[0.307s] -- Configured cppcheck include dirs: 
[0.307s] -- Configured cppcheck exclude dirs and/or files: 
[0.308s] -- Added test 'lint_cmake' to check CMake code style
[0.311s] -- Added test 'uncrustify' to check C / C++ code style
[0.312s] -- Configured uncrustify additional arguments: 
[0.312s] -- Added test 'xmllint' to check XML markup files
[0.314s] -- Configuring done (0.3s)
[0.349s] -- Generating done (0.0s)
[0.364s] -- Build files have been written to: /home/slambot/ros2_ws/src/build/test_node
[0.365s] Invoked command in '/home/slambot/ros2_ws/src/build/test_node' returned '0': CMAKE_PREFIX_PATH=${CMAKE_PREFIX_PATH}:/opt/ros/jazzy /usr/bin/cmake /home/slambot/ros2_ws/src/test_node -DCMAKE_INSTALL_PREFIX=/home/slambot/ros2_ws/src/install/test_node
[0.366s] Invoking command in '/home/slambot/ros2_ws/src/build/test_node': CMAKE_PREFIX_PATH=${CMAKE_PREFIX_PATH}:/opt/ros/jazzy /usr/bin/cmake --build /home/slambot/ros2_ws/src/build/test_node -- -j14 -l14
[0.397s] [ 50%] [32mBuilding CXX object CMakeFiles/test_node_exec.dir/rclcpp_components/node_main_test_node_exec.cpp.o[0m
[0.397s] [ 50%] [32mBuilding CXX object CMakeFiles/test_node.dir/src/test_node.cpp.o[0m
[0.407s] [01m[K/home/slambot/ros2_ws/src/test_node/src/test_node.cpp:1:10:[m[K [01;31m[Kfatal error: [m[Krclcpp/rclcpp.hpp: No such file or directory
[0.407s]     1 | #include [01;31m[K"rclcpp/rclcpp.hpp"[m[K
[0.408s]       |          [01;31m[K^~~~~~~~~~~~~~~~~~~[m[K
[0.408s] compilation terminated.
[0.408s] gmake[2]: *** [CMakeFiles/test_node.dir/build.make:76: CMakeFiles/test_node.dir/src/test_node.cpp.o] Error 1
[0.408s] gmake[1]: *** [CMakeFiles/Makefile2:139: CMakeFiles/test_node.dir/all] Error 2
[0.408s] gmake[1]: *** Waiting for unfinished jobs....
[1.777s] [ 75%] [32m[1mLinking CXX executable test_node_exec[0m
[1.848s] [ 75%] Built target test_node_exec
[1.848s] gmake: *** [Makefile:146: all] Error 2
[1.850s] Invoked command in '/home/slambot/ros2_ws/src/build/test_node' returned '2': CMAKE_PREFIX_PATH=${CMAKE_PREFIX_PATH}:/opt/ros/jazzy /usr/bin/cmake --build /home/slambot/ros2_ws/src/build/test_node -- -j14 -l14
