[0.006s] Invoking command in '/home/slambot/ros2_ws/build/test_node': CMAKE_PREFIX_PATH=${CMAKE_PREFIX_PATH}:/opt/ros/jazzy /usr/bin/cmake --build /home/slambot/ros2_ws/build/test_node -- -j14 -l14
[0.049s] [ 25%] [32mBuilding CXX object CMakeFiles/test_node.dir/src/test_node.cpp.o[0m
[0.058s] [01m[K/home/slambot/ros2_ws/src/test_node/src/test_node.cpp:1:10:[m[K [01;31m[Kfatal error: [m[Krclcpp/rclcpp.hpp: No such file or directory
[0.059s]     1 | #include [01;31m[K<rclcpp/rclcpp.hpp>[m[K
[0.059s]       |          [01;31m[K^~~~~~~~~~~~~~~~~~~[m[K
[0.059s] compilation terminated.
[0.059s] [ 75%] Built target test_node_exec
[0.059s] gmake[2]: *** [CMakeFiles/test_node.dir/build.make:76: CMakeFiles/test_node.dir/src/test_node.cpp.o] Error 1
[0.060s] gmake[1]: *** [CMakeFiles/Makefile2:139: CMakeFiles/test_node.dir/all] Error 2
[0.060s] gmake: *** [Makefile:146: all] Error 2
[0.061s] Invoked command in '/home/slambot/ros2_ws/build/test_node' returned '2': CMAKE_PREFIX_PATH=${CMAKE_PREFIX_PATH}:/opt/ros/jazzy /usr/bin/cmake --build /home/slambot/ros2_ws/build/test_node -- -j14 -l14
